TN:
SF:script/DeployAdapter.s.sol
FN:21,DeployAdapter.run
FNDA:0,DeployAdapter.run
DA:22,0
DA:23,0
DA:25,0
DA:27,0
DA:28,0
DA:31,0
DA:32,0
DA:34,0
DA:35,0
DA:39,0
DA:40,0
DA:51,0
DA:54,0
DA:62,0
DA:63,0
DA:67,0
DA:69,0
DA:70,0
DA:72,0
FNF:1
FNH:0
LF:19
LH:0
BRF:0
BRH:0
end_of_record
TN:
SF:script/DeploySio2Adapter.sol
FN:17,DeploySio2Adapter.run
FNDA:0,DeploySio2Adapter.run
DA:18,0
DA:19,0
DA:21,0
DA:23,0
DA:26,0
DA:29,0
DA:30,0
DA:49,0
DA:51,0
DA:52,0
FNF:1
FNH:0
LF:10
LH:0
BRF:0
BRH:0
end_of_record
TN:
SF:script/DeploySio2AdapterAssetManager.sol
FN:17,DeploySio2AdapterAssetManager.run
FNDA:0,DeploySio2AdapterAssetManager.run
DA:18,0
DA:19,0
DA:21,0
DA:23,0
DA:26,0
DA:29,0
DA:30,0
DA:34,0
DA:35,0
DA:46,0
FNF:1
FNH:0
LF:10
LH:0
BRF:0
BRH:0
end_of_record
TN:
SF:src/ALGMVesting.sol
FN:48,ALGMVesting.initialize
FNDA:0,ALGMVesting.initialize
DA:49,0
DA:50,0
DA:51,0
FN:62,ALGMVesting.addManager
FNDA:0,ALGMVesting.addManager
DA:63,0
BRDA:63,0,0,-
BRDA:63,0,1,-
DA:67,0
BRDA:67,1,0,-
BRDA:67,1,1,-
DA:68,0
BRDA:68,2,0,-
BRDA:68,2,1,-
DA:69,0
DA:70,0
DA:71,0
DA:73,0
FN:78,ALGMVesting.revokeManager
FNDA:0,ALGMVesting.revokeManager
DA:79,0
BRDA:79,3,0,-
BRDA:79,3,1,-
DA:83,0
BRDA:83,4,0,-
BRDA:83,4,1,-
DA:84,0
DA:85,0
DA:86,0
DA:87,0
DA:88,0
DA:89,0
DA:91,0
FN:102,ALGMVesting.createVesting
FNDA:0,ALGMVesting.createVesting
DA:111,0
BRDA:111,5,0,-
BRDA:111,5,1,-
DA:115,0
BRDA:115,6,0,-
BRDA:115,6,1,-
DA:116,0
BRDA:116,7,0,-
BRDA:116,7,1,-
DA:117,0
BRDA:117,8,0,-
BRDA:117,8,1,-
DA:118,0
BRDA:118,9,0,-
BRDA:118,9,1,-
DA:120,0
DA:121,0
DA:123,0
DA:136,0
DA:137,0
DA:138,0
DA:140,0
FN:146,ALGMVesting.claim
FNDA:0,ALGMVesting.claim
DA:150,0
DA:151,0
BRDA:151,10,0,-
BRDA:151,10,1,-
DA:156,0
DA:157,0
BRDA:157,11,0,-
BRDA:157,11,1,-
DA:158,0
DA:159,0
DA:161,0
DA:163,0
FN:169,ALGMVesting.revokeVesting
FNDA:0,ALGMVesting.revokeVesting
DA:172,0
DA:173,0
BRDA:173,12,0,-
BRDA:173,12,1,-
DA:174,0
DA:175,0
BRDA:175,13,0,-
BRDA:175,13,1,-
DA:176,0
DA:178,0
DA:179,0
DA:180,0
DA:182,0
FN:187,ALGMVesting.computeReleasableAmount
FNDA:0,ALGMVesting.computeReleasableAmount
DA:190,0
DA:191,0
FN:194,ALGMVesting._computeReleasableAmount
FNDA:0,ALGMVesting._computeReleasableAmount
DA:197,0
DA:198,0
BRDA:198,14,0,-
BRDA:198,14,1,-
DA:199,0
DA:200,0
BRDA:200,15,0,-
BRDA:200,15,1,-
DA:201,0
DA:203,0
DA:204,0
DA:205,0
DA:206,0
DA:207,0
DA:209,0
DA:210,0
FN:215,ALGMVesting.getWithdrawableAmount
FNDA:0,ALGMVesting.getWithdrawableAmount
DA:219,0
FN:223,ALGMVesting.computeNextVestingIdForHolder
FNDA:0,ALGMVesting.computeNextVestingIdForHolder
DA:227,0
FN:231,ALGMVesting.getLastVestingScheduleForHolder
FNDA:0,ALGMVesting.getLastVestingScheduleForHolder
DA:235,0
FN:239,ALGMVesting.computeVestingIdForAddressAndIndex
FNDA:0,ALGMVesting.computeVestingIdForAddressAndIndex
DA:243,0
FN:248,ALGMVesting.getVestingSchedulesCount
FNDA:0,ALGMVesting.getVestingSchedulesCount
DA:252,0
FN:257,ALGMVesting.getVestingByAddressAndIndex
FNDA:0,ALGMVesting.getVestingByAddressAndIndex
DA:261,0
FN:266,ALGMVesting.getVesting
FNDA:0,ALGMVesting.getVesting
DA:270,0
FN:275,ALGMVesting.getVestingIdAtIndex
FNDA:0,ALGMVesting.getVestingIdAtIndex
DA:279,0
BRDA:279,16,0,-
BRDA:279,16,1,-
DA:280,0
FN:285,ALGMVesting.getVestingCountByBeneficiary
FNDA:0,ALGMVesting.getVestingCountByBeneficiary
DA:289,0
FN:293,ALGMVesting.getManagers
FNDA:0,ALGMVesting.getManagers
DA:294,0
FNF:18
FNH:0
LF:73
LH:0
BRF:34
BRH:0
end_of_record
TN:
SF:src/LiquidCrowdloan.sol
FN:92,LiquidCrowdloan.initialize
FNDA:0,LiquidCrowdloan.initialize
DA:99,0
DA:101,0
DA:102,0
DA:103,0
DA:105,0
DA:106,0
DA:107,0
DA:108,0
DA:109,0
DA:110,0
FN:124,LiquidCrowdloan.stake
FNDA:0,LiquidCrowdloan.stake
DA:125,0
DA:126,0
BRDA:126,0,0,-
BRDA:126,0,1,-
DA:127,0
BRDA:127,1,0,-
BRDA:127,1,1,-
DA:129,0
DA:130,0
DA:132,0
DA:134,0
BRDA:134,2,0,-
BRDA:134,2,1,-
DA:135,0
DA:136,0
DA:139,0
DA:141,0
FN:145,LiquidCrowdloan.closeCrowdloan
FNDA:0,LiquidCrowdloan.closeCrowdloan
DA:146,0
DA:147,0
DA:150,0
DA:160,0
FN:164,LiquidCrowdloan.claimRewards
FNDA:0,LiquidCrowdloan.claimRewards
DA:165,0
DA:167,0
BRDA:167,3,0,-
BRDA:167,3,1,-
DA:169,0
DA:172,0
DA:173,0
DA:174,0
DA:176,0
FN:182,LiquidCrowdloan.unstake
FNDA:0,LiquidCrowdloan.unstake
DA:183,0
DA:185,0
BRDA:185,4,0,-
BRDA:185,4,1,-
DA:186,0
BRDA:186,5,0,-
BRDA:186,5,1,-
DA:187,0
BRDA:187,6,0,-
BRDA:187,6,1,-
DA:192,0
DA:193,0
DA:194,0
DA:195,0
DA:197,0
DA:198,0
BRDA:198,7,0,-
BRDA:198,7,1,-
DA:199,0
DA:202,0
DA:206,0
DA:208,0
FN:213,LiquidCrowdloan.withdraw
FNDA:0,LiquidCrowdloan.withdraw
DA:214,0
DA:215,0
DA:216,0
DA:218,0
BRDA:218,8,0,-
BRDA:218,8,1,-
DA:219,0
BRDA:219,9,0,-
BRDA:219,9,1,-
DA:220,0
BRDA:220,10,0,-
BRDA:220,10,1,-
DA:222,0
DA:223,0
DA:225,0
DA:227,0
FN:230,LiquidCrowdloan._globalUnstake
FNDA:0,LiquidCrowdloan._globalUnstake
DA:231,0
DA:234,0
BRDA:234,11,0,-
BRDA:234,11,1,-
DA:235,0
DA:238,0
BRDA:238,12,0,-
BRDA:238,12,1,-
DA:240,0
DA:253,0
FN:256,LiquidCrowdloan._globalWithdraw
FNDA:0,LiquidCrowdloan._globalWithdraw
DA:257,0
DA:259,0
DA:266,0
DA:267,0
DA:269,0
FN:273,LiquidCrowdloan.claimDappStakingRewards
FNDA:0,LiquidCrowdloan.claimDappStakingRewards
DA:274,0
DA:275,0
BRDA:275,13,0,-
BRDA:275,13,1,-
DA:277,0
DA:278,0
BRDA:278,14,0,-
BRDA:278,14,1,-
DA:279,0
DA:281,0
DA:284,0
DA:285,0
DA:294,0
DA:296,0
DA:298,0
FN:302,LiquidCrowdloan.withdrawStakingRewardsAdmin
FNDA:0,LiquidCrowdloan.withdrawStakingRewardsAdmin
DA:303,0
DA:304,0
DA:305,0
DA:307,0
FN:311,LiquidCrowdloan.globalUnstakeAdmin
FNDA:0,LiquidCrowdloan.globalUnstakeAdmin
DA:312,0
BRDA:312,15,0,-
BRDA:312,15,1,-
DA:313,0
BRDA:313,16,0,-
BRDA:313,16,1,-
DA:317,0
FN:322,LiquidCrowdloan.setClaimingTxLimit
FNDA:0,LiquidCrowdloan.setClaimingTxLimit
DA:323,0
DA:325,0
FN:330,LiquidCrowdloan.getTotalAvailableRewards
FNDA:0,LiquidCrowdloan.getTotalAvailableRewards
DA:331,0
FN:337,LiquidCrowdloan.getUserAvailableRewards
FNDA:0,LiquidCrowdloan.getUserAvailableRewards
DA:340,0
BRDA:340,17,0,-
BRDA:340,17,1,-
DA:341,0
DA:342,0
FN:347,LiquidCrowdloan._getVestingId
FNDA:0,LiquidCrowdloan._getVestingId
DA:348,0
FN:353,LiquidCrowdloan.weeksPassed
FNDA:0,LiquidCrowdloan.weeksPassed
DA:354,0
BRDA:354,18,0,-
BRDA:354,18,1,-
DA:355,0
DA:356,0
BRDA:356,19,0,-
BRDA:356,19,1,-
DA:357,0
FN:360,LiquidCrowdloan._userShare
FNDA:0,LiquidCrowdloan._userShare
DA:361,0
FN:366,LiquidCrowdloan.getStakers
FNDA:0,LiquidCrowdloan.getStakers
DA:367,0
FN:372,LiquidCrowdloan.currentEra
FNDA:0,LiquidCrowdloan.currentEra
DA:373,0
FN:378,LiquidCrowdloan.getTotalStakingRewards
FNDA:0,LiquidCrowdloan.getTotalStakingRewards
DA:379,0
FNF:20
FNH:0
LF:100
LH:0
BRF:40
BRH:0
end_of_record
TN:
SF:src/Sio2Adapter.sol
FN:104,Sio2Adapter.initialize
FNDA:0,Sio2Adapter.initialize
DA:114,0
DA:116,0
DA:117,0
DA:118,0
DA:119,0
DA:120,0
DA:121,0
DA:122,0
DA:123,0
DA:124,0
DA:125,0
DA:127,0
FN:138,Sio2Adapter.supply
FNDA:11,Sio2Adapter.supply
DA:139,11
BRDA:139,0,0,1
BRDA:139,0,1,10
DA:140,10
BRDA:140,1,0,1
BRDA:140,1,1,9
DA:145,9
DA:148,9
BRDA:148,2,0,9
BRDA:148,2,1,9
DA:149,9
DA:150,9
DA:151,9
DA:155,9
DA:158,9
DA:159,9
DA:161,9
DA:162,9
DA:164,9
DA:166,9
FN:171,Sio2Adapter.withdraw
FNDA:1,Sio2Adapter.withdraw
DA:172,1
FN:178,Sio2Adapter._withdraw
FNDA:2,Sio2Adapter._withdraw
DA:179,2
BRDA:179,3,0,-
BRDA:179,3,1,2
DA:182,2
BRDA:182,4,0,-
BRDA:182,4,1,1
DA:183,1
DA:184,1
BRDA:184,5,0,-
BRDA:184,5,1,1
DA:192,2
DA:198,2
DA:200,2
DA:202,2
DA:203,2
DA:205,2
DA:208,2
DA:211,2
BRDA:211,6,0,1
BRDA:211,6,1,2
DA:213,2
FN:219,Sio2Adapter.borrow
FNDA:10,Sio2Adapter.borrow
DA:220,10
DA:221,10
DA:222,10
BRDA:222,7,0,-
BRDA:222,7,1,10
DA:226,10
BRDA:226,8,0,-
BRDA:226,8,1,10
DA:229,10
BRDA:229,9,0,3
BRDA:229,9,1,10
DA:230,3
DA:233,10
DA:234,10
DA:236,10
DA:239,10
DA:241,10
BRDA:240,10,0,8
BRDA:240,10,1,10
DA:244,8
DA:245,8
DA:248,10
DA:251,10
DA:254,10
DA:256,10
DA:258,10
FN:265,Sio2Adapter.repayPart
FNDA:4,Sio2Adapter.repayPart
DA:266,4
FN:271,Sio2Adapter.repayFull
FNDA:2,Sio2Adapter.repayFull
DA:272,2
DA:273,2
DA:274,2
BRDA:274,11,0,1
BRDA:274,11,1,2
DA:275,1
DA:277,2
FN:282,Sio2Adapter.addSTokens
FNDA:3,Sio2Adapter.addSTokens
DA:283,3
BRDA:283,12,0,1
BRDA:283,12,1,2
DA:288,2
DA:291,2
BRDA:291,13,0,1
BRDA:291,13,1,2
DA:292,1
DA:293,1
DA:294,1
DA:297,2
DA:299,2
DA:300,2
DA:303,2
DA:305,2
FN:311,Sio2Adapter.liquidationCall
FNDA:3,Sio2Adapter.liquidationCall
DA:316,3
DA:317,3
DA:320,3
BRDA:320,14,0,-
BRDA:320,14,1,3
DA:323,3
DA:324,3
DA:325,3
DA:328,3
BRDA:328,15,0,1
BRDA:328,15,1,2
DA:329,2
BRDA:329,16,0,1
BRDA:329,16,1,1
DA:332,1
DA:335,1
DA:336,1
DA:337,1
DA:340,1
DA:342,1
FN:348,Sio2Adapter.getHF
FNDA:2,Sio2Adapter.getHF
DA:349,5
DA:350,5
BRDA:350,17,0,1
BRDA:350,17,1,4
DA:351,4
DA:352,4
FN:356,Sio2Adapter._updateUserCollateralIncomeDebts
FNDA:13,Sio2Adapter._updateUserCollateralIncomeDebts
DA:358,13
DA:361,13
FN:365,Sio2Adapter._updates
FNDA:39,Sio2Adapter._updates
DA:367,39
DA:372,39
BRDA:372,18,0,2
BRDA:372,18,1,39
DA:374,39
BRDA:374,19,0,2
BRDA:374,19,1,39
DA:376,2
DA:379,2
DA:381,2
DA:384,39
FN:388,Sio2Adapter._updateLastSTokenBalance
FNDA:33,Sio2Adapter._updateLastSTokenBalance
DA:389,33
DA:390,33
BRDA:390,20,0,13
BRDA:390,20,1,33
DA:391,13
DA:393,33
FN:397,Sio2Adapter._updateUserBorrowedIncomeDebts
FNDA:14,Sio2Adapter._updateUserBorrowedIncomeDebts
DA:398,14
DA:401,14
DA:404,14
DA:408,14
FN:413,Sio2Adapter.claimRewards
FNDA:3,Sio2Adapter.claimRewards
DA:414,3
DA:415,3
BRDA:415,21,0,1
BRDA:415,21,1,2
DA:416,2
DA:417,2
DA:418,2
DA:419,2
DA:421,2
FN:426,Sio2Adapter.withdrawRevenue
FNDA:3,Sio2Adapter.withdrawRevenue
DA:427,3
BRDA:427,22,0,1
BRDA:427,22,1,2
DA:428,2
BRDA:428,23,0,1
BRDA:428,23,1,1
DA:433,1
DA:434,1
DA:436,1
FN:440,Sio2Adapter._repay
FNDA:7,Sio2Adapter._repay
DA:441,7
DA:442,7
DA:445,7
BRDA:445,24,0,2
BRDA:445,24,1,7
DA:446,2
DA:450,7
BRDA:450,25,0,1
BRDA:450,25,1,6
DA:451,6
BRDA:451,26,0,1
BRDA:451,26,1,5
DA:452,5
BRDA:452,27,0,1
BRDA:452,27,1,4
DA:453,4
BRDA:453,28,0,-
BRDA:453,28,1,4
DA:456,4
DA:458,4
DA:459,4
DA:462,4
BRDA:462,29,0,2
BRDA:462,29,1,4
DA:463,2
DA:466,4
DA:467,4
DA:470,4
DA:473,4
DA:475,4
FN:479,Sio2Adapter._removeAssetFromUser
FNDA:2,Sio2Adapter._removeAssetFromUser
DA:480,2
DA:481,2
DA:482,2
DA:483,2
DA:484,2
DA:485,2
DA:486,2
DA:487,2
FN:491,Sio2Adapter._harvestRewards
FNDA:2,Sio2Adapter._harvestRewards
DA:492,2
DA:493,2
DA:496,2
DA:503,2
DA:504,2
DA:505,2
DA:507,2
DA:510,2
DA:511,2
DA:512,4
DA:518,4
DA:519,4
DA:520,4
DA:521,4
DA:522,4
BRDA:522,30,0,2
BRDA:522,30,1,4
DA:523,2
DA:529,2
DA:530,4
DA:537,4
DA:539,4
BRDA:539,31,0,-
BRDA:539,31,1,2
DA:540,2
DA:542,2
DA:545,2
DA:548,2
DA:551,4
DA:555,2
DA:556,2
DA:557,2
DA:559,2
FN:563,Sio2Adapter._updatePools
FNDA:2,Sio2Adapter._updatePools
DA:564,2
DA:565,2
DA:568,2
BRDA:568,32,0,-
BRDA:568,32,1,2
DA:569,0
DA:574,2
DA:575,4
DA:582,4
DA:584,4
BRDA:584,33,0,-
BRDA:584,33,1,-
DA:585,2
DA:586,2
DA:588,2
BRDA:588,34,0,-
BRDA:588,34,1,-
DA:589,0
DA:590,0
DA:591,0
DA:595,4
DA:597,2
FN:601,Sio2Adapter._updateUserRewards
FNDA:2,Sio2Adapter._updateUserRewards
DA:602,2
DA:605,2
DA:606,2
DA:612,2
DA:615,2
DA:617,2
DA:618,2
DA:622,2
DA:625,2
DA:628,2
DA:630,2
DA:634,2
DA:635,2
DA:638,2
DA:640,2
DA:641,2
DA:645,2
DA:647,2
FN:651,Sio2Adapter._removeUser
FNDA:1,Sio2Adapter._removeUser
DA:652,1
DA:653,1
DA:654,1
DA:655,1
DA:656,1
DA:657,1
DA:658,1
FN:664,Sio2Adapter.estimateHF
FNDA:2,Sio2Adapter.estimateHF
DA:665,2
DA:669,2
DA:671,2
BRDA:671,35,0,1
BRDA:671,35,1,1
DA:673,1
FN:679,Sio2Adapter.calcEstimateUserCollateralUSD
FNDA:0,Sio2Adapter.calcEstimateUserCollateralUSD
DA:680,15
DA:682,15
DA:683,15
DA:685,15
BRDA:685,36,0,-
BRDA:685,36,1,-
DA:686,0
DA:690,15
DA:693,15
FN:699,Sio2Adapter.calcEstimateUserDebtUSD
FNDA:1,Sio2Adapter.calcEstimateUserDebtUSD
DA:700,24
DA:701,24
DA:702,16
DA:712,16
DA:715,16
DA:716,16
DA:717,16
DA:719,16
BRDA:719,37,0,-
BRDA:719,37,1,-
DA:720,0
DA:723,16
BRDA:723,38,0,-
BRDA:723,38,1,16
DA:724,0
DA:725,0
DA:729,16
BRDA:729,39,0,3
BRDA:729,39,1,16
DA:730,3
DA:733,16
DA:735,16
FN:743,Sio2Adapter.availableCollateralUSD
FNDA:2,Sio2Adapter.availableCollateralUSD
DA:748,13
BRDA:748,40,0,-
BRDA:748,40,1,13
DA:749,13
DA:750,13
DA:751,13
DA:752,13
BRDA:752,41,0,13
BRDA:752,41,1,13
DA:753,13
DA:754,13
BRDA:754,42,0,13
BRDA:754,42,1,13
FN:758,Sio2Adapter.toUSD
FNDA:0,Sio2Adapter.toUSD
DA:759,50
DA:760,50
FN:764,Sio2Adapter.fromUSD
FNDA:0,Sio2Adapter.fromUSD
DA:765,1
DA:766,1
FN:770,Sio2Adapter.getAssetParameters
FNDA:1,Sio2Adapter.getAssetParameters
DA:775,1
DA:776,1
DA:777,1
DA:778,1
FN:784,Sio2Adapter.getUser
FNDA:1,Sio2Adapter.getUser
DA:785,1
FNF:30
FNH:26
LF:261
LH:241
BRF:86
BRH:67
end_of_record
TN:
SF:src/Sio2AdapterAssetManager.sol
FN:49,Sio2AdapterAssetManager.initialize
FNDA:0,Sio2AdapterAssetManager.initialize
DA:52,0
DA:54,0
FN:63,Sio2AdapterAssetManager.addAsset
FNDA:1,Sio2AdapterAssetManager.addAsset
DA:69,1
BRDA:69,0,0,-
BRDA:69,0,1,1
DA:70,1
BRDA:70,1,0,-
BRDA:70,1,1,1
DA:73,1
DA:74,1
DA:76,1
DA:89,1
DA:90,1
DA:91,1
DA:92,1
DA:94,1
FN:98,Sio2AdapterAssetManager.removeAsset
FNDA:2,Sio2AdapterAssetManager.removeAsset
DA:99,2
BRDA:99,2,0,1
BRDA:99,2,1,1
DA:104,1
DA:107,1
DA:108,1
DA:109,1
DA:112,1
DA:113,1
DA:114,1
DA:117,1
DA:118,1
DA:119,1
DA:122,1
DA:123,1
DA:125,1
FN:129,Sio2AdapterAssetManager.addBTokens
FNDA:0,Sio2AdapterAssetManager.addBTokens
DA:130,0
DA:132,0
FN:135,Sio2AdapterAssetManager.increaseAssetsTotalBorrowed
FNDA:12,Sio2AdapterAssetManager.increaseAssetsTotalBorrowed
DA:136,12
FN:139,Sio2AdapterAssetManager.decreaseAssetsTotalBorrowed
FNDA:4,Sio2AdapterAssetManager.decreaseAssetsTotalBorrowed
DA:140,4
FN:143,Sio2AdapterAssetManager.increaseAccBorrowedRewardsPerShare
FNDA:2,Sio2AdapterAssetManager.increaseAccBorrowedRewardsPerShare
DA:144,2
DA:145,2
FN:148,Sio2AdapterAssetManager.increaseAccBTokensPerShare
FNDA:0,Sio2AdapterAssetManager.increaseAccBTokensPerShare
DA:149,0
DA:150,0
FN:153,Sio2AdapterAssetManager.updateLastBTokenBalance
FNDA:14,Sio2AdapterAssetManager.updateLastBTokenBalance
DA:154,14
DA:155,14
FN:158,Sio2AdapterAssetManager.setAdapter
FNDA:0,Sio2AdapterAssetManager.setAdapter
DA:159,0
DA:161,0
FN:164,Sio2AdapterAssetManager.getBTokens
FNDA:2,Sio2AdapterAssetManager.getBTokens
DA:165,2
FN:168,Sio2AdapterAssetManager.getAssetsNames
FNDA:7,Sio2AdapterAssetManager.getAssetsNames
DA:169,7
FN:172,Sio2AdapterAssetManager.getInfo
FNDA:0,Sio2AdapterAssetManager.getInfo
DA:173,0
FNF:13
FNH:8
LF:41
LH:32
BRF:6
BRH:4
end_of_record
TN:
SF:src/Some.sol
FN:23,Some.setPhrase
FNDA:0,Some.setPhrase
DA:24,0
FN:27,Some.deposit
FNDA:0,Some.deposit
DA:28,0
BRDA:28,0,0,-
BRDA:28,0,1,-
DA:29,0
BRDA:29,1,0,-
BRDA:29,1,1,-
DA:30,0
BRDA:30,2,0,-
BRDA:30,2,1,-
DA:31,0
BRDA:31,3,0,-
BRDA:31,3,1,-
DA:33,0
FN:36,Some.add
FNDA:0,Some.add
DA:37,0
BRDA:37,4,0,-
BRDA:37,4,1,-
DA:38,0
FNF:3
FNH:0
LF:8
LH:0
BRF:10
BRH:0
end_of_record
TN:
SF:src/libraries/ReserveConfiguration.sol
FN:70,ReserveConfiguration.setLtv
FNDA:0,ReserveConfiguration.setLtv
DA:71,0
BRDA:71,0,0,-
BRDA:71,0,1,-
DA:73,0
FN:81,ReserveConfiguration.getLtv
FNDA:0,ReserveConfiguration.getLtv
DA:82,0
FN:90,ReserveConfiguration.setLiquidationThreshold
FNDA:0,ReserveConfiguration.setLiquidationThreshold
DA:94,0
BRDA:94,1,0,-
BRDA:94,1,1,-
DA:96,0
FN:106,ReserveConfiguration.getLiquidationThreshold
FNDA:0,ReserveConfiguration.getLiquidationThreshold
DA:111,0
FN:119,ReserveConfiguration.setLiquidationBonus
FNDA:0,ReserveConfiguration.setLiquidationBonus
DA:123,0
BRDA:123,2,0,-
BRDA:123,2,1,-
DA:125,0
FN:135,ReserveConfiguration.getLiquidationBonus
FNDA:0,ReserveConfiguration.getLiquidationBonus
DA:140,0
FN:148,ReserveConfiguration.setDecimals
FNDA:0,ReserveConfiguration.setDecimals
DA:152,0
BRDA:152,3,0,-
BRDA:152,3,1,-
DA:154,0
FN:162,ReserveConfiguration.getDecimals
FNDA:0,ReserveConfiguration.getDecimals
DA:167,0
FN:175,ReserveConfiguration.setActive
FNDA:0,ReserveConfiguration.setActive
DA:176,0
FN:186,ReserveConfiguration.getActive
FNDA:0,ReserveConfiguration.getActive
DA:187,0
FN:195,ReserveConfiguration.setFrozen
FNDA:0,ReserveConfiguration.setFrozen
DA:196,0
FN:206,ReserveConfiguration.getFrozen
FNDA:0,ReserveConfiguration.getFrozen
DA:207,0
FN:215,ReserveConfiguration.setPaused
FNDA:0,ReserveConfiguration.setPaused
DA:216,0
FN:226,ReserveConfiguration.getPaused
FNDA:0,ReserveConfiguration.getPaused
DA:227,0
FN:239,ReserveConfiguration.setBorrowableInIsolation
FNDA:0,ReserveConfiguration.setBorrowableInIsolation
DA:243,0
FN:257,ReserveConfiguration.getBorrowableInIsolation
FNDA:0,ReserveConfiguration.getBorrowableInIsolation
DA:262,0
FN:271,ReserveConfiguration.setSiloedBorrowing
FNDA:0,ReserveConfiguration.setSiloedBorrowing
DA:275,0
FN:286,ReserveConfiguration.getSiloedBorrowing
FNDA:0,ReserveConfiguration.getSiloedBorrowing
DA:291,0
FN:299,ReserveConfiguration.setBorrowingEnabled
FNDA:0,ReserveConfiguration.setBorrowingEnabled
DA:303,0
FN:313,ReserveConfiguration.getBorrowingEnabled
FNDA:0,ReserveConfiguration.getBorrowingEnabled
DA:318,0
FN:326,ReserveConfiguration.setStableRateBorrowingEnabled
FNDA:0,ReserveConfiguration.setStableRateBorrowingEnabled
DA:330,0
FN:340,ReserveConfiguration.getStableRateBorrowingEnabled
FNDA:0,ReserveConfiguration.getStableRateBorrowingEnabled
DA:345,0
FN:353,ReserveConfiguration.setReserveFactor
FNDA:0,ReserveConfiguration.setReserveFactor
DA:357,0
BRDA:357,4,0,-
BRDA:357,4,1,-
DA:359,0
FN:369,ReserveConfiguration.getReserveFactor
FNDA:0,ReserveConfiguration.getReserveFactor
DA:374,0
FN:382,ReserveConfiguration.setBorrowCap
FNDA:0,ReserveConfiguration.setBorrowCap
DA:386,0
BRDA:386,5,0,-
BRDA:386,5,1,-
DA:388,0
FN:396,ReserveConfiguration.getBorrowCap
FNDA:0,ReserveConfiguration.getBorrowCap
DA:401,0
FN:409,ReserveConfiguration.setSupplyCap
FNDA:0,ReserveConfiguration.setSupplyCap
DA:413,0
BRDA:413,6,0,-
BRDA:413,6,1,-
DA:415,0
FN:423,ReserveConfiguration.getSupplyCap
FNDA:0,ReserveConfiguration.getSupplyCap
DA:428,0
FN:436,ReserveConfiguration.setDebtCeiling
FNDA:0,ReserveConfiguration.setDebtCeiling
DA:440,0
BRDA:440,7,0,-
BRDA:440,7,1,-
DA:442,0
FN:450,ReserveConfiguration.getDebtCeiling
FNDA:0,ReserveConfiguration.getDebtCeiling
DA:455,0
FN:463,ReserveConfiguration.setLiquidationProtocolFee
FNDA:0,ReserveConfiguration.setLiquidationProtocolFee
DA:467,0
BRDA:467,8,0,-
BRDA:467,8,1,-
DA:472,0
FN:482,ReserveConfiguration.getLiquidationProtocolFee
FNDA:0,ReserveConfiguration.getLiquidationProtocolFee
DA:487,0
FN:496,ReserveConfiguration.setUnbackedMintCap
FNDA:0,ReserveConfiguration.setUnbackedMintCap
DA:500,0
BRDA:500,9,0,-
BRDA:500,9,1,-
DA:502,0
FN:512,ReserveConfiguration.getUnbackedMintCap
FNDA:0,ReserveConfiguration.getUnbackedMintCap
DA:517,0
FN:525,ReserveConfiguration.setEModeCategory
FNDA:0,ReserveConfiguration.setEModeCategory
DA:529,0
BRDA:529,10,0,-
BRDA:529,10,1,-
DA:531,0
FN:539,ReserveConfiguration.getEModeCategory
FNDA:0,ReserveConfiguration.getEModeCategory
DA:544,0
FN:556,ReserveConfiguration.getFlags
FNDA:0,ReserveConfiguration.getFlags
DA:567,0
DA:569,0
FN:588,ReserveConfiguration.getParams
FNDA:0,ReserveConfiguration.getParams
DA:600,0
DA:602,0
FN:618,ReserveConfiguration.getCaps
FNDA:0,ReserveConfiguration.getCaps
DA:623,0
DA:625,0
FNF:39
FNH:0
LF:53
LH:0
BRF:22
BRH:0
end_of_record
TN:
SF:test/mocs/MockDappsStaking.sol
FN:20,MockDappsStaking.read_unbonding_period
FNDA:0,MockDappsStaking.read_unbonding_period
DA:21,0
FN:24,MockDappsStaking.read_current_era
FNDA:0,MockDappsStaking.read_current_era
DA:25,0
FN:28,MockDappsStaking.bond_and_stake
FNDA:0,MockDappsStaking.bond_and_stake
DA:29,0
DA:30,0
FN:33,MockDappsStaking.unbond_and_unstake
FNDA:0,MockDappsStaking.unbond_and_unstake
DA:34,0
DA:35,0
BRDA:35,0,0,-
BRDA:35,0,1,-
DA:36,0
DA:37,0
DA:38,0
DA:39,0
DA:41,0
BRDA:41,1,0,-
BRDA:41,1,1,-
FN:44,MockDappsStaking.claim_staker
FNDA:0,MockDappsStaking.claim_staker
DA:45,0
BRDA:45,2,0,-
BRDA:45,2,1,-
DA:46,0
DA:47,0
BRDA:47,3,0,-
BRDA:47,3,1,-
DA:48,0
DA:49,0
BRDA:49,4,0,-
BRDA:49,4,1,-
FN:52,MockDappsStaking.withdraw_unbonded
FNDA:0,MockDappsStaking.withdraw_unbonded
DA:53,0
BRDA:53,5,0,-
BRDA:53,5,1,-
DA:54,0
BRDA:54,6,0,-
BRDA:54,6,1,-
DA:55,0
DA:56,0
BRDA:56,7,0,-
BRDA:56,7,1,-
DA:57,0
DA:58,0
FNF:6
FNH:0
LF:22
LH:0
BRF:16
BRH:0
end_of_record
TN:
SF:test/mocs/MockERC20.sol
FN:11,MockERC20.mint
FNDA:12,MockERC20.mint
DA:12,12
FN:15,MockERC20.burn
FNDA:0,MockERC20.burn
DA:16,0
FNF:2
FNH:1
LF:2
LH:1
BRF:0
BRH:0
end_of_record
TN:
SF:test/mocs/MockERC20Upgradeable.sol
FN:9,MockERC20Upgradeable.initialize
FNDA:0,MockERC20Upgradeable.initialize
DA:10,0
DA:11,0
FN:14,MockERC20Upgradeable.mint
FNDA:0,MockERC20Upgradeable.mint
DA:15,0
FN:18,MockERC20Upgradeable.burn
FNDA:0,MockERC20Upgradeable.burn
DA:19,0
FNF:3
FNH:0
LF:4
LH:0
BRF:0
BRH:0
end_of_record
TN:
SF:test/mocs/MockIncentivesController.sol
FN:25,MockIncentivesController.claimRewards
FNDA:2,MockIncentivesController.claimRewards
DA:30,2
BRDA:30,0,0,-
BRDA:30,0,1,2
DA:31,2
DA:32,2
DA:33,2
DA:34,2
FN:37,MockIncentivesController.getUserUnclaimedRewards
FNDA:39,MockIncentivesController.getUserUnclaimedRewards
DA:40,41
DA:41,41
DA:42,41
DA:43,41
DA:44,41
DA:46,41
DA:48,41
FNF:2
FNH:2
LF:12
LH:12
BRF:2
BRH:1
end_of_record
TN:
SF:test/mocs/MockPriceOracle.sol
FN:15,MockPriceOracle.getAssetPrice
FNDA:51,MockPriceOracle.getAssetPrice
DA:16,51
FN:19,MockPriceOracle.setAssetPrice
FNDA:1,MockPriceOracle.setAssetPrice
DA:20,1
FN:23,MockPriceOracle.setInitPrices
FNDA:0,MockPriceOracle.setInitPrices
DA:24,0
DA:25,0
DA:26,0
FNF:3
FNH:2
LF:5
LH:2
BRF:0
BRH:0
end_of_record
TN:
SF:test/mocs/MockSCollateralToken.sol
FN:12,MockSCollateralToken.mint
FNDA:20,MockSCollateralToken.mint
DA:13,20
DA:14,20
BRDA:14,0,0,18
BRDA:14,0,1,20
DA:15,18
DA:16,18
FN:20,MockSCollateralToken.burn
FNDA:6,MockSCollateralToken.burn
DA:21,6
FN:24,MockSCollateralToken.setLastClaimedRewardTime
FNDA:4,MockSCollateralToken.setLastClaimedRewardTime
DA:25,4
FNF:3
FNH:3
LF:6
LH:6
BRF:2
BRH:2
end_of_record
TN:
SF:test/mocs/MockSio2LendingPool.sol
FN:41,MockSio2LendingPool.deposit
FNDA:10,MockSio2LendingPool.deposit
DA:47,10
DA:48,10
DA:49,10
FN:53,MockSio2LendingPool.getConfiguration
FNDA:2,MockSio2LendingPool.getConfiguration
DA:56,2
FN:59,MockSio2LendingPool.withdraw
FNDA:2,MockSio2LendingPool.withdraw
DA:64,2
BRDA:64,0,0,-
BRDA:64,0,1,2
DA:68,2
DA:69,2
DA:70,2
DA:71,2
FN:74,MockSio2LendingPool.borrow
FNDA:10,MockSio2LendingPool.borrow
DA:81,10
DA:82,10
DA:83,10
FN:86,MockSio2LendingPool.getUserAccountData
FNDA:0,MockSio2LendingPool.getUserAccountData
DA:100,0
DA:101,0
FN:104,MockSio2LendingPool.repay
FNDA:4,MockSio2LendingPool.repay
DA:110,4
DA:111,4
DA:112,4
FNF:6
FNH:5
LF:17
LH:15
BRF:2
BRH:1
end_of_record
TN:
SF:test/mocs/MockVDToken.sol
FN:12,MockVDToken.mint
FNDA:0,MockVDToken.mint
DA:13,0
DA:14,0
BRDA:14,0,0,-
BRDA:14,0,1,-
DA:15,0
DA:16,0
FN:20,MockVDToken.burn
FNDA:0,MockVDToken.burn
DA:21,0
FN:24,MockVDToken.setLastClaimedRewardTime
FNDA:0,MockVDToken.setLastClaimedRewardTime
DA:25,0
FNF:3
FNH:0
LF:6
LH:0
BRF:2
BRH:0
end_of_record
